[debug] [2022-07-31T19:36:45.637Z] ----------------------------------------------------------------------
[debug] [2022-07-31T19:36:45.639Z] Command:       /Users/espenhellerud/.nvm/versions/node/v16.14.2/bin/node /Users/espenhellerud/Development/budget-tracker/node_modules/.bin/firebase init
[debug] [2022-07-31T19:36:45.640Z] CLI Version:   11.4.0
[debug] [2022-07-31T19:36:45.640Z] Platform:      darwin
[debug] [2022-07-31T19:36:45.640Z] Node Version:  v16.14.2
[debug] [2022-07-31T19:36:45.641Z] Time:          Sun Jul 31 2022 21:36:45 GMT+0200 (Central European Summer Time)
[debug] [2022-07-31T19:36:45.642Z] ----------------------------------------------------------------------
[debug] 
[debug] [2022-07-31T19:36:45.647Z] > command requires scopes: ["email","openid","https://www.googleapis.com/auth/cloudplatformprojects.readonly","https://www.googleapis.com/auth/firebase","https://www.googleapis.com/auth/cloud-platform"]
[debug] [2022-07-31T19:36:45.648Z] > authorizing via signed-in user (espenhellerud5@gmail.com)
[info] 
     ######## #### ########  ######## ########     ###     ######  ########
     ##        ##  ##     ## ##       ##     ##  ##   ##  ##       ##
     ######    ##  ########  ######   ########  #########  ######  ######
     ##        ##  ##    ##  ##       ##     ## ##     ##       ## ##
     ##       #### ##     ## ######## ########  ##     ##  ######  ########

You're about to initialize a Firebase project in this directory:

  /Users/espenhellerud/Development/budget-tracker

[info] 
=== Project Setup
[info] 
[info] First, let's associate this project directory with a Firebase project.
[info] You can create multiple project aliases by running firebase use --add, 
[info] but for now we'll just set up a default project.
[info] 
[debug] [2022-07-31T19:37:14.900Z] >>> [apiv2][query] GET https://firebase.googleapis.com/v1beta1/projects pageSize=100
[debug] [2022-07-31T19:37:15.412Z] <<< [apiv2][status] GET https://firebase.googleapis.com/v1beta1/projects 200
[debug] [2022-07-31T19:37:15.412Z] <<< [apiv2][body] GET https://firebase.googleapis.com/v1beta1/projects [omitted]
[info] i  Using project budget-tracker-62d3c (budget-tracker) 
[info] 
=== Firestore Setup
[debug] [2022-07-31T19:37:16.783Z] >>> [apiv2][query] GET https://serviceusage.googleapis.com/v1/projects/budget-tracker-62d3c/services/firestore.googleapis.com [none]
[debug] [2022-07-31T19:37:17.763Z] <<< [apiv2][status] GET https://serviceusage.googleapis.com/v1/projects/budget-tracker-62d3c/services/firestore.googleapis.com 200
[debug] [2022-07-31T19:37:17.763Z] <<< [apiv2][body] GET https://serviceusage.googleapis.com/v1/projects/budget-tracker-62d3c/services/firestore.googleapis.com [omitted]
[debug] [2022-07-31T19:37:17.763Z] >>> [apiv2][query] GET https://appengine.googleapis.com/v1/apps/budget-tracker-62d3c [none]
[debug] [2022-07-31T19:37:18.252Z] <<< [apiv2][status] GET https://appengine.googleapis.com/v1/apps/budget-tracker-62d3c 200
[debug] [2022-07-31T19:37:18.252Z] <<< [apiv2][body] GET https://appengine.googleapis.com/v1/apps/budget-tracker-62d3c {"name":"apps/budget-tracker-62d3c","id":"budget-tracker-62d3c","authDomain":"gmail.com","locationId":"europe-west","codeBucket":"staging.budget-tracker-62d3c.appspot.com","servingStatus":"SERVING","defaultHostname":"budget-tracker-62d3c.ew.r.appspot.com","defaultBucket":"budget-tracker-62d3c.appspot.com","serviceAccount":"budget-tracker-62d3c@appspot.gserviceaccount.com","gcrDomain":"eu.gcr.io","databaseType":"CLOUD_FIRESTORE","featureSettings":{"splitHealthChecks":true,"useContainerOptimizedOs":true}}
[debug] [2022-07-31T19:37:18.252Z] database_type: CLOUD_FIRESTORE
[debug] [2022-07-31T19:37:18.253Z] > command requires scopes: ["email","openid","https://www.googleapis.com/auth/cloudplatformprojects.readonly","https://www.googleapis.com/auth/firebase","https://www.googleapis.com/auth/cloud-platform"]
[debug] [2022-07-31T19:37:18.253Z] > authorizing via signed-in user (espenhellerud5@gmail.com)
[debug] [2022-07-31T19:37:18.253Z] [iam] checking project budget-tracker-62d3c for permissions ["firebase.projects.get"]
[debug] [2022-07-31T19:37:18.253Z] >>> [apiv2][query] POST https://cloudresourcemanager.googleapis.com/v1/projects/budget-tracker-62d3c:testIamPermissions [none]
[debug] [2022-07-31T19:37:18.254Z] >>> [apiv2][(partial)header] POST https://cloudresourcemanager.googleapis.com/v1/projects/budget-tracker-62d3c:testIamPermissions x-goog-quota-user=projects/budget-tracker-62d3c
[debug] [2022-07-31T19:37:18.254Z] >>> [apiv2][body] POST https://cloudresourcemanager.googleapis.com/v1/projects/budget-tracker-62d3c:testIamPermissions {"permissions":["firebase.projects.get"]}
[debug] [2022-07-31T19:37:18.990Z] <<< [apiv2][status] POST https://cloudresourcemanager.googleapis.com/v1/projects/budget-tracker-62d3c:testIamPermissions 200
[debug] [2022-07-31T19:37:18.990Z] <<< [apiv2][body] POST https://cloudresourcemanager.googleapis.com/v1/projects/budget-tracker-62d3c:testIamPermissions {"permissions":["firebase.projects.get"]}
[info] 
[info] Firestore Security Rules allow you to define how and when to allow
[info] requests. You can keep these rules in your project directory
[info] and publish them with firebase deploy.
[info] 
[debug] [2022-07-31T19:37:23.249Z] >>> [apiv2][query] GET https://firebaserules.googleapis.com/v1/projects/budget-tracker-62d3c/releases pageSize=10&pageToken=
[debug] [2022-07-31T19:37:24.113Z] <<< [apiv2][status] GET https://firebaserules.googleapis.com/v1/projects/budget-tracker-62d3c/releases 200
[debug] [2022-07-31T19:37:24.113Z] <<< [apiv2][body] GET https://firebaserules.googleapis.com/v1/projects/budget-tracker-62d3c/releases {"releases":[{"name":"projects/budget-tracker-62d3c/releases/cloud.firestore","rulesetName":"projects/budget-tracker-62d3c/rulesets/c7377309-eefc-4d75-b0d4-0fa924c1c26f","createTime":"2022-07-31T19:36:33.925621Z","updateTime":"2022-07-31T19:36:33.925621Z"}]}
[debug] [2022-07-31T19:37:24.113Z] Found ruleset: projects/budget-tracker-62d3c/rulesets/c7377309-eefc-4d75-b0d4-0fa924c1c26f
[debug] [2022-07-31T19:37:24.114Z] >>> [apiv2][query] GET https://firebaserules.googleapis.com/v1/projects/budget-tracker-62d3c/rulesets/c7377309-eefc-4d75-b0d4-0fa924c1c26f [none]
[debug] [2022-07-31T19:37:24.933Z] <<< [apiv2][status] GET https://firebaserules.googleapis.com/v1/projects/budget-tracker-62d3c/rulesets/c7377309-eefc-4d75-b0d4-0fa924c1c26f 200
[debug] [2022-07-31T19:37:24.933Z] <<< [apiv2][body] GET https://firebaserules.googleapis.com/v1/projects/budget-tracker-62d3c/rulesets/c7377309-eefc-4d75-b0d4-0fa924c1c26f [omitted]
[info] 
[info] Firestore indexes allow you to perform complex queries while
[info] maintaining performance that scales with the size of the result
[info] set. You can keep index definitions in your project directory
[info] and publish them with firebase deploy.
[info] 
[debug] [2022-07-31T19:37:27.204Z] >>> [apiv2][query] GET https://firestore.googleapis.com/v1/projects/budget-tracker-62d3c/databases/(default)/collectionGroups/-/indexes [none]
[debug] [2022-07-31T19:37:27.205Z] >>> [apiv2][query] GET https://firestore.googleapis.com/v1/projects/budget-tracker-62d3c/databases/(default)/collectionGroups/-/fields?filter=indexConfig.usesAncestorConfig=false [none]
[debug] [2022-07-31T19:37:27.697Z] <<< [apiv2][status] GET https://firestore.googleapis.com/v1/projects/budget-tracker-62d3c/databases/(default)/collectionGroups/-/indexes 200
[debug] [2022-07-31T19:37:27.697Z] <<< [apiv2][body] GET https://firestore.googleapis.com/v1/projects/budget-tracker-62d3c/databases/(default)/collectionGroups/-/indexes {}
[debug] [2022-07-31T19:37:28.107Z] <<< [apiv2][status] GET https://firestore.googleapis.com/v1/projects/budget-tracker-62d3c/databases/(default)/collectionGroups/-/fields?filter=indexConfig.usesAncestorConfig=false 200
[debug] [2022-07-31T19:37:28.107Z] <<< [apiv2][body] GET https://firestore.googleapis.com/v1/projects/budget-tracker-62d3c/databases/(default)/collectionGroups/-/fields?filter=indexConfig.usesAncestorConfig=false {"fields":[{"name":"projects/budget-tracker-62d3c/databases/(default)/collectionGroups/__default__/fields/*","indexConfig":{"indexes":[{"queryScope":"COLLECTION","fields":[{"fieldPath":"*","order":"ASCENDING"}],"state":"READY"},{"queryScope":"COLLECTION","fields":[{"fieldPath":"*","order":"DESCENDING"}],"state":"READY"},{"queryScope":"COLLECTION","fields":[{"fieldPath":"*","arrayConfig":"CONTAINS"}],"state":"READY"}]}}]}
[info] 
=== Hosting Setup
[info] 
[info] Your public directory is the folder (relative to your project directory) that
[info] will contain Hosting assets to be uploaded with firebase deploy. If you
[info] have a build process for your assets, use your build's output directory.
[info] 
[debug] [2022-07-31T19:37:56.592Z] >>> [apiv2][query] GET https://www.gstatic.com/firebasejs/releases.json [none]
[debug] [2022-07-31T19:37:56.665Z] <<< [apiv2][status] GET https://www.gstatic.com/firebasejs/releases.json 200
[debug] [2022-07-31T19:37:56.666Z] <<< [apiv2][body] GET https://www.gstatic.com/firebasejs/releases.json {"current":{"version":"9.9.1","browserURL":"https://www.gstatic.com/firebasejs/9.9.1/firebase.js","packageURL":"https://www.gstatic.com/firebasejs/9.9.1/firebase.tgz"},"live":{"version":"9.9","browserURL":"https://www.gstatic.com/firebasejs/live/9.9/firebase.js","packageURL":"https://www.gstatic.com/firebasejs/live/9.9/firebase.tgz"},"components":{"analytics":"https://www.gstatic.com/firebasejs/9.9.1/firebase-analytics.js","app":"https://www.gstatic.com/firebasejs/9.9.1/firebase-app.js","app-check":"https://www.gstatic.com/firebasejs/9.9.1/firebase-app-check.js","auth":"https://www.gstatic.com/firebasejs/9.9.1/firebase-auth.js","auth/cordova":"https://www.gstatic.com/firebasejs/9.9.1/firebase-auth/cordova.js","auth/react-native":"https://www.gstatic.com/firebasejs/9.9.1/firebase-auth/react-native.js","functions":"https://www.gstatic.com/firebasejs/9.9.1/firebase-functions.js","firestore":"https://www.gstatic.com/firebasejs/9.9.1/firebase-firestore.js","firestore/lite":"https://www.gstatic.com/firebasejs/9.9.1/firebase-firestore/lite.js","installations":"https://www.gstatic.com/firebasejs/9.9.1/firebase-installations.js","storage":"https://www.gstatic.com/firebasejs/9.9.1/firebase-storage.js","performance":"https://www.gstatic.com/firebasejs/9.9.1/firebase-performance.js","remote-config":"https://www.gstatic.com/firebasejs/9.9.1/firebase-remote-config.js","messaging":"https://www.gstatic.com/firebasejs/9.9.1/firebase-messaging.js","messaging/sw":"https://www.gstatic.com/firebasejs/9.9.1/firebase-messaging/sw.js","database":"https://www.gstatic.com/firebasejs/9.9.1/firebase-database.js","firestore.memory":"https://www.gstatic.com/firebasejs/9.9.1/firebase-firestore.memory.js"}}
[info] ✔  Wrote dist/index.html 
[info] 
[info] i  Detected a .git folder at /Users/espenhellerud/Development/budget-tracker 
[info] i  Authorizing with GitHub to upload your service account to a GitHub repository's secrets store. 
[info] 
[info] Visit this URL on this device to log in:
[info] https://github.com/login/oauth/authorize?client_id=89cf50f02ac6aaed3484&state=1065600305&redirect_uri=http%3A%2F%2Flocalhost%3A9005&scope=read%3Auser%20repo%20public_repo
[info] 
[info] Waiting for authentication...
[debug] [2022-07-31T19:38:02.372Z] >>> [apiv2][query] POST https://github.com/login/oauth/access_token [none]
[debug] [2022-07-31T19:38:02.372Z] >>> [apiv2][body] POST https://github.com/login/oauth/access_token [stream]
[debug] [2022-07-31T19:38:02.623Z] <<< [apiv2][status] POST https://github.com/login/oauth/access_token 200
[debug] [2022-07-31T19:38:02.623Z] <<< [apiv2][body] POST https://github.com/login/oauth/access_token {"access_token":"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","token_type":"bearer","scope":"read:user,repo"}
[debug] [2022-07-31T19:38:02.631Z] >>> [apiv2][query] GET https://api.github.com/user [none]
[debug] [2022-07-31T19:38:02.949Z] <<< [apiv2][status] GET https://api.github.com/user 200
[debug] [2022-07-31T19:38:02.949Z] <<< [apiv2][body] GET https://api.github.com/user {"login":"espehel","id":2300790,"node_id":"MDQ6VXNlcjIzMDA3OTA=","avatar_url":"https://avatars.githubusercontent.com/u/2300790?v=4","gravatar_id":"","url":"https://api.github.com/users/espehel","html_url":"https://github.com/espehel","followers_url":"https://api.github.com/users/espehel/followers","following_url":"https://api.github.com/users/espehel/following{/other_user}","gists_url":"https://api.github.com/users/espehel/gists{/gist_id}","starred_url":"https://api.github.com/users/espehel/starred{/owner}{/repo}","subscriptions_url":"https://api.github.com/users/espehel/subscriptions","organizations_url":"https://api.github.com/users/espehel/orgs","repos_url":"https://api.github.com/users/espehel/repos","events_url":"https://api.github.com/users/espehel/events{/privacy}","received_events_url":"https://api.github.com/users/espehel/received_events","type":"User","site_admin":false,"name":"Espen Hellerud","company":null,"blog":"","location":null,"email":null,"hireable":null,"bio":null,"twitter_username":null,"public_repos":34,"public_gists":0,"followers":6,"following":2,"created_at":"2012-09-07T16:03:52Z","updated_at":"2022-04-11T11:55:01Z","private_gists":2,"total_private_repos":1,"owned_private_repos":1,"disk_usage":215461,"collaborators":2,"two_factor_authentication":true,"plan":{"name":"free","space":976562499,"collaborators":0,"private_repos":10000}}
[info] 
[info] ✔  Success! Logged into GitHub as espehel 
[info] 
